# JRE version: OpenJDK Runtime Environment (25.0.1+8) (build 25.0.1+8-27)
# Java VM: OpenJDK 64-Bit Server VM (25.0.1+8-27, mixed mode, emulated-client, sharing, tiered, compressed oops, compressed class ptrs, g1 gc, windows-amd64)
GC Precious Log:
 CardTable entry size: 512
 Card Set container configuration: InlinePtr #cards 4 size 8 Array Of Cards #cards 16 size 48 Howl #buckets 8 coarsen threshold 3686 Howl Bitmap #cards 512 size 80 coarsen threshold 460 Card regions per heap region 1 cards per card region 4096
 CPUs: 12 total, 12 available
 Memory: 16309M
 Large Page Support: Disabled
 NUMA Support: Disabled
 Compressed Oops: Enabled (Zero based)
 Heap Region Size: 2M
 Heap Min Capacity: 8M
 Heap Initial Capacity: 256M
 Heap Max Capacity: 4078M
 Pre-touch: Disabled
 Parallel Workers: 10
 Concurrent Workers: 3
 Concurrent Refinement Workers: 10
 Periodic GC: Disabled
Heap:
 garbage-first heap   total reserved 4175872K, committed 71680K, used 52803K [0x0000000701200000, 0x0000000800000000)
  region size 2048K, 7 young (14336K), 1 survivors (2048K)
GC Heap Usage History (20 events):
Event: 6.249 {heap Before GC invocations=5 (full 1):
 garbage-first heap   total reserved 4175872K, committed 69632K, used 49632K [0x0000000701200000, 0x0000000800000000)
  region size 2048K, 15 young (30720K), 1 survivors (2048K)
}
Event: 6.256 {heap After GC invocations=6 (full 1):
 garbage-first heap   total reserved 4175872K, committed 69632K, used 23275K [0x0000000701200000, 0x0000000800000000)
  region size 2048K, 2 young (4096K), 2 survivors (4096K)
}
Event: 6.723 {heap Before GC invocations=6 (full 1):
 garbage-first heap   total reserved 4175872K, committed 69632K, used 23275K [0x0000000701200000, 0x0000000800000000)
  region size 2048K, 3 young (6144K), 2 survivors (4096K)
}
Event: 6.730 {heap After GC invocations=7 (full 1):
 garbage-first heap   total reserved 4175872K, committed 69632K, used 23928K [0x0000000701200000, 0x0000000800000000)
  region size 2048K, 1 young (2048K), 1 survivors (2048K)
}
Event: 8.628 {heap Before GC invocations=8 (full 1):
 garbage-first heap   total reserved 4175872K, committed 69632K, used 50552K [0x0000000701200000, 0x0000000800000000)
  region size 2048K, 14 young (28672K), 1 survivors (2048K)
}
Event: 8.656 {heap After GC invocations=9 (full 1):
 garbage-first heap   total reserved 4175872K, committed 69632K, used 25654K [0x0000000701200000, 0x0000000800000000)
  region size 2048K, 2 young (4096K), 2 survivors (4096K)
}
Event: 9.576 {heap Before GC invocations=9 (full 1):
 garbage-first heap   total reserved 4175872K, committed 69632K, used 50230K [0x0000000701200000, 0x0000000800000000)
  region size 2048K, 15 young (30720K), 2 survivors (4096K)
}
Event: 9.583 {heap After GC invocations=10 (full 1):
 garbage-first heap   total reserved 4175872K, committed 69632K, used 27094K [0x0000000701200000, 0x0000000800000000)
  region size 2048K, 2 young (4096K), 2 survivors (4096K)
}
Event: 11.023 {heap Before GC invocations=10 (full 1):
 garbage-first heap   total reserved 4175872K, committed 69632K, used 55766K [0x0000000701200000, 0x0000000800000000)
  region size 2048K, 16 young (32768K), 2 survivors (4096K)
}
Event: 11.028 {heap After GC invocations=11 (full 1):
 garbage-first heap   total reserved 4175872K, committed 69632K, used 28723K [0x0000000701200000, 0x0000000800000000)
  region size 2048K, 2 young (4096K), 2 survivors (4096K)
}
Event: 11.603 {heap Before GC invocations=11 (full 1):
 garbage-first heap   total reserved 4175872K, committed 69632K, used 55347K [0x0000000701200000, 0x0000000800000000)
  region size 2048K, 16 young (32768K), 2 survivors (4096K)
}
Event: 11.608 {heap After GC invocations=12 (full 1):
 garbage-first heap   total reserved 4175872K, committed 69632K, used 31164K [0x0000000701200000, 0x0000000800000000)
  region size 2048K, 2 young (4096K), 2 survivors (4096K)
}
Event: 12.117 {heap Before GC invocations=12 (full 1):
 garbage-first heap   total reserved 4175872K, committed 69632K, used 47548K [0x0000000701200000, 0x0000000800000000)
  region size 2048K, 11 young (22528K), 2 survivors (4096K)
}
Event: 12.123 {heap After GC invocations=13 (full 1):
 garbage-first heap   total reserved 4175872K, committed 69632K, used 32912K [0x0000000701200000, 0x0000000800000000)
  region size 2048K, 1 young (2048K), 1 survivors (2048K)
}
Event: 12.753 {heap Before GC invocations=14 (full 1):
 garbage-first heap   total reserved 4175872K, committed 69632K, used 57488K [0x0000000701200000, 0x0000000800000000)
  region size 2048K, 14 young (28672K), 1 survivors (2048K)
}
Event: 12.758 {heap After GC invocations=15 (full 1):
 garbage-first heap   total reserved 4175872K, committed 69632K, used 34815K [0x0000000701200000, 0x0000000800000000)
  region size 2048K, 2 young (4096K), 2 survivors (4096K)
}
Event: 13.826 {heap Before GC invocations=15 (full 1):
 garbage-first heap   total reserved 4175872K, committed 69632K, used 57343K [0x0000000701200000, 0x0000000800000000)
  region size 2048K, 14 young (28672K), 2 survivors (4096K)
}
Event: 13.835 {heap After GC invocations=16 (full 1):
 garbage-first heap   total reserved 4175872K, committed 69632K, used 38223K [0x0000000701200000, 0x0000000800000000)
  region size 2048K, 2 young (4096K), 2 survivors (4096K)
}
Event: 14.458 {heap Before GC invocations=16 (full 1):
 garbage-first heap   total reserved 4175872K, committed 69632K, used 52559K [0x0000000701200000, 0x0000000800000000)
  region size 2048K, 10 young (20480K), 2 survivors (4096K)
}
Event: 14.464 {heap After GC invocations=17 (full 1):
 garbage-first heap   total reserved 4175872K, committed 69632K, used 40515K [0x0000000701200000, 0x0000000800000000)
  region size 2048K, 1 young (2048K), 1 survivors (2048K)
}

