# JRE version: OpenJDK Runtime Environment (25.0.1+8) (build 25.0.1+8-27)
# Java VM: OpenJDK 64-Bit Server VM (25.0.1+8-27, mixed mode, emulated-client, sharing, tiered, compressed oops, compressed class ptrs, g1 gc, windows-amd64)
GC Precious Log:
 CardTable entry size: 512
 Card Set container configuration: InlinePtr #cards 4 size 8 Array Of Cards #cards 16 size 48 Howl #buckets 8 coarsen threshold 3686 Howl Bitmap #cards 512 size 80 coarsen threshold 460 Card regions per heap region 1 cards per card region 4096
 CPUs: 12 total, 12 available
 Memory: 16309M
 Large Page Support: Disabled
 NUMA Support: Disabled
 Compressed Oops: Enabled (Zero based)
 Heap Region Size: 2M
 Heap Min Capacity: 8M
 Heap Initial Capacity: 256M
 Heap Max Capacity: 4078M
 Pre-touch: Disabled
 Parallel Workers: 10
 Concurrent Workers: 3
 Concurrent Refinement Workers: 10
 Periodic GC: Disabled
Heap:
 garbage-first heap   total reserved 4175872K, committed 120832K, used 97832K [0x0000000701200000, 0x0000000800000000)
  region size 2048K, 15 young (30720K), 1 survivors (2048K)
GC Heap Usage History (20 events):
Event: 12.201 {heap Before GC invocations=11 (full 0):
 garbage-first heap   total reserved 4175872K, committed 90112K, used 71594K [0x0000000701200000, 0x0000000800000000)
  region size 2048K, 23 young (47104K), 3 survivors (6144K)
}
Event: 12.208 {heap After GC invocations=12 (full 0):
 garbage-first heap   total reserved 4175872K, committed 90112K, used 35797K [0x0000000701200000, 0x0000000800000000)
  region size 2048K, 3 young (6144K), 3 survivors (6144K)
}
Event: 13.774 {heap Before GC invocations=12 (full 0):
 garbage-first heap   total reserved 4175872K, committed 90112K, used 72661K [0x0000000701200000, 0x0000000800000000)
  region size 2048K, 22 young (45056K), 3 survivors (6144K)
}
Event: 13.785 {heap After GC invocations=13 (full 0):
 garbage-first heap   total reserved 4175872K, committed 90112K, used 40892K [0x0000000701200000, 0x0000000800000000)
  region size 2048K, 3 young (6144K), 3 survivors (6144K)
}
Event: 13.788 {heap Before GC invocations=13 (full 0):
 garbage-first heap   total reserved 4175872K, committed 90112K, used 40892K [0x0000000701200000, 0x0000000800000000)
  region size 2048K, 4 young (8192K), 3 survivors (6144K)
}
Event: 13.792 {heap After GC invocations=14 (full 0):
 garbage-first heap   total reserved 4175872K, committed 90112K, used 41643K [0x0000000701200000, 0x0000000800000000)
  region size 2048K, 1 young (2048K), 1 survivors (2048K)
}
Event: 22.510 {heap Before GC invocations=15 (full 0):
 garbage-first heap   total reserved 4175872K, committed 90112K, used 80555K [0x0000000701200000, 0x0000000800000000)
  region size 2048K, 19 young (38912K), 1 survivors (2048K)
}
Event: 22.515 {heap After GC invocations=16 (full 0):
 garbage-first heap   total reserved 4175872K, committed 90112K, used 48170K [0x0000000701200000, 0x0000000800000000)
  region size 2048K, 3 young (6144K), 3 survivors (6144K)
}
Event: 25.891 {heap Before GC invocations=16 (full 0):
 garbage-first heap   total reserved 4175872K, committed 90112K, used 76842K [0x0000000701200000, 0x0000000800000000)
  region size 2048K, 18 young (36864K), 3 survivors (6144K)
}
Event: 25.897 {heap After GC invocations=17 (full 0):
 garbage-first heap   total reserved 4175872K, committed 90112K, used 49248K [0x0000000701200000, 0x0000000800000000)
  region size 2048K, 1 young (2048K), 1 survivors (2048K)
}
Event: 34.478 {heap Before GC invocations=17 (full 0):
 garbage-first heap   total reserved 4175872K, committed 90112K, used 79968K [0x0000000701200000, 0x0000000800000000)
  region size 2048K, 16 young (32768K), 1 survivors (2048K)
}
Event: 34.483 {heap After GC invocations=18 (full 0):
 garbage-first heap   total reserved 4175872K, committed 90112K, used 52442K [0x0000000701200000, 0x0000000800000000)
  region size 2048K, 2 young (4096K), 2 survivors (4096K)
}
Event: 36.246 {heap Before GC invocations=19 (full 0):
 garbage-first heap   total reserved 4175872K, committed 90112K, used 85210K [0x0000000701200000, 0x0000000800000000)
  region size 2048K, 16 young (32768K), 2 survivors (4096K)
}
Event: 36.257 {heap After GC invocations=20 (full 0):
 garbage-first heap   total reserved 4175872K, committed 96256K, used 63345K [0x0000000701200000, 0x0000000800000000)
  region size 2048K, 2 young (4096K), 2 survivors (4096K)
}
Event: 38.645 {heap Before GC invocations=20 (full 0):
 garbage-first heap   total reserved 4175872K, committed 96256K, used 83825K [0x0000000701200000, 0x0000000800000000)
  region size 2048K, 12 young (24576K), 2 survivors (4096K)
}
Event: 38.653 {heap After GC invocations=21 (full 0):
 garbage-first heap   total reserved 4175872K, committed 96256K, used 67379K [0x0000000701200000, 0x0000000800000000)
  region size 2048K, 2 young (4096K), 2 survivors (4096K)
}
Event: 42.047 {heap Before GC invocations=21 (full 0):
 garbage-first heap   total reserved 4175872K, committed 96256K, used 85811K [0x0000000701200000, 0x0000000800000000)
  region size 2048K, 11 young (22528K), 2 survivors (4096K)
}
Event: 42.054 {heap After GC invocations=22 (full 0):
 garbage-first heap   total reserved 4175872K, committed 96256K, used 71819K [0x0000000701200000, 0x0000000800000000)
  region size 2048K, 2 young (4096K), 2 survivors (4096K)
}
Event: 140.909 {heap Before GC invocations=23 (full 0):
 garbage-first heap   total reserved 4175872K, committed 120832K, used 84107K [0x0000000701200000, 0x0000000800000000)
  region size 2048K, 9 young (18432K), 2 survivors (4096K)
}
Event: 140.915 {heap After GC invocations=24 (full 0):
 garbage-first heap   total reserved 4175872K, committed 120832K, used 71208K [0x0000000701200000, 0x0000000800000000)
  region size 2048K, 1 young (2048K), 1 survivors (2048K)
}

